Assuming unrestricted shared filesystem usage.
host: cs-402329414389-default
Building DAG of jobs...
Using shell: /usr/bin/bash
Provided cores: 1 (use --cores to define parallelism)
Rules claiming more threads will be scaled down.
Job stats:
job            count
-----------  -------
all                1
plot_conc          1
plot_fanout        1
plot_post          1
test_conc          1
test_fanout        1
test_post          1
total              7

Select jobs to execute...
Execute 1 jobs...
[Sun Nov 23 22:17:04 2025]
localrule test_conc:
    output: out/conc.csv
    jobid: 2
    reason: Missing output files: out/conc.csv
    resources: tmpdir=/tmp
Select jobs to execute...
RuleException:
CalledProcessError in file "/home/naitslimanimaroua/tinyinsta/Snakefile", line 43:
Command 'set -euo pipefail;  
        mkdir -p out
        echo "=============================================="
        echo "TEST CONCURRENCE"
        echo "=============================================="
        
        python clear_datastore.py
        python seed.py --url https://tinyints.ew.r.appspot.com --token my_seed_token --users 1000 --posts 50000 --follows 20
        sleep 30
        python benchmark.py --url https://tinyints.ew.r.appspot.com --test conc --output out' returned non-zero exit status 1.
[Sun Nov 23 22:17:05 2025]
Error in rule test_conc:
    message: None
    jobid: 2
    output: out/conc.csv
    shell:
        
        mkdir -p out
        echo "=============================================="
        echo "TEST CONCURRENCE"
        echo "=============================================="
        
        python clear_datastore.py
        python seed.py --url https://tinyints.ew.r.appspot.com --token my_seed_token --users 1000 --posts 50000 --follows 20
        sleep 30
        python benchmark.py --url https://tinyints.ew.r.appspot.com --test conc --output out
        
        (command exited with non-zero exit code)
Shutting down, this might take some time.
Exiting because a job execution failed. Look below for error messages
[Sun Nov 23 22:17:05 2025]
Error in rule test_conc:
    message: None
    jobid: 2
    output: out/conc.csv
    shell:
        
        mkdir -p out
        echo "=============================================="
        echo "TEST CONCURRENCE"
        echo "=============================================="
        
        python clear_datastore.py
        python seed.py --url https://tinyints.ew.r.appspot.com --token my_seed_token --users 1000 --posts 50000 --follows 20
        sleep 30
        python benchmark.py --url https://tinyints.ew.r.appspot.com --test conc --output out
        
        (command exited with non-zero exit code)
Complete log(s): /home/naitslimanimaroua/tinyinsta/.snakemake/log/2025-11-23T221703.698809.snakemake.log
WorkflowError:
At least one job did not complete successfully.
